Senans-MacBook-Pro:CS2016-ConcurrentSystemsAndOperatingSystems senan$ cc -o sum sumofhellos.c -pthread
sumofhellos.c:14:44: warning: format specifies type 'int' but the argument has
      type 'void *' [-Wformat]
    printf("\n%d: Hello World, from %s!\n",threadid,USERNAME );
              ~~                           ^~~~~~~~
sumofhellos.c:25:57: warning: cast to 'void *' from smaller integer type 'int'
      [-Wint-to-void-pointer-cast]
        rc = pthread_create(&threads[t],NULL,PrintHello,(void *)t);
                                                        ^
2 warnings generated.
Senans-MacBook-Pro:CS2016-ConcurrentSystemsAndOperatingSystems senan$ ./sum
Creating thread 0
Creating thread 1

0: Hello World, from darts!
Creating thread 2

1: Hello World, from darts!

2: Hello World, from darts!
Creating thread 3
Creating thread 4

3: Hello World, from darts!
Creating thread 5

4: Hello World, from darts!

5: Hello World, from darts!

All threads done by darts, x = 60
